<?xml version="1.0" encoding="UTF-8"?>
<!-- Generated by org.testng.reporters.JUnitReportReporter -->
<testsuite skipped="0" hostname="pankazs-MacBook-Pro.local" name="getMethods.SimpleGet" tests="1" failures="0" timestamp="06 Feb 2020 18:35:43 GMT" time="1.555" errors="0">
  <testcase name="getCurrentWeather" time="1.555" classname="getMethods.SimpleGet"/>
</testsuite> <!-- getMethods.SimpleGet -->
